ERROR 2025-08-16 09:12:51 Invalid HTTP_HOST header: '127.0.0.1:8000'. You may need to add '127.0.0.1' to ALLOWED_HOSTS.
Traceback (most recent call last):
  File "/root/.cache/pypoetry/virtualenvs/django-goodfood-project-9TtSrW0h-py3.12/lib/python3.12/site-packages/django/core/handlers/exception.py", line 55, in inner
    response = get_response(request)
               ^^^^^^^^^^^^^^^^^^^^^
  File "/root/.cache/pypoetry/virtualenvs/django-goodfood-project-9TtSrW0h-py3.12/lib/python3.12/site-packages/django/utils/deprecation.py", line 119, in __call__
    response = self.process_request(request)
               ^^^^^^^^^^^^^^^^^^^^^^^^^^^^^
  File "/root/.cache/pypoetry/virtualenvs/django-goodfood-project-9TtSrW0h-py3.12/lib/python3.12/site-packages/django/middleware/security.py", line 28, in process_request
    host = self.redirect_host or request.get_host()
                                 ^^^^^^^^^^^^^^^^^^
  File "/root/.cache/pypoetry/virtualenvs/django-goodfood-project-9TtSrW0h-py3.12/lib/python3.12/site-packages/django/http/request.py", line 202, in get_host
    raise DisallowedHost(msg)
django.core.exceptions.DisallowedHost: Invalid HTTP_HOST header: '127.0.0.1:8000'. You may need to add '127.0.0.1' to ALLOWED_HOSTS.
ERROR 2025-08-16 09:12:57 Invalid HTTP_HOST header: '127.0.0.1:8000'. You may need to add '127.0.0.1' to ALLOWED_HOSTS.
Traceback (most recent call last):
  File "/root/.cache/pypoetry/virtualenvs/django-goodfood-project-9TtSrW0h-py3.12/lib/python3.12/site-packages/django/core/handlers/exception.py", line 55, in inner
    response = get_response(request)
               ^^^^^^^^^^^^^^^^^^^^^
  File "/root/.cache/pypoetry/virtualenvs/django-goodfood-project-9TtSrW0h-py3.12/lib/python3.12/site-packages/django/utils/deprecation.py", line 119, in __call__
    response = self.process_request(request)
               ^^^^^^^^^^^^^^^^^^^^^^^^^^^^^
  File "/root/.cache/pypoetry/virtualenvs/django-goodfood-project-9TtSrW0h-py3.12/lib/python3.12/site-packages/django/middleware/security.py", line 28, in process_request
    host = self.redirect_host or request.get_host()
                                 ^^^^^^^^^^^^^^^^^^
  File "/root/.cache/pypoetry/virtualenvs/django-goodfood-project-9TtSrW0h-py3.12/lib/python3.12/site-packages/django/http/request.py", line 202, in get_host
    raise DisallowedHost(msg)
django.core.exceptions.DisallowedHost: Invalid HTTP_HOST header: '127.0.0.1:8000'. You may need to add '127.0.0.1' to ALLOWED_HOSTS.
ERROR 2025-08-16 09:13:10 Invalid HTTP_HOST header: '127.0.0.1:8000'. You may need to add '127.0.0.1' to ALLOWED_HOSTS.
Traceback (most recent call last):
  File "/root/.cache/pypoetry/virtualenvs/django-goodfood-project-9TtSrW0h-py3.12/lib/python3.12/site-packages/django/core/handlers/exception.py", line 55, in inner
    response = get_response(request)
               ^^^^^^^^^^^^^^^^^^^^^
  File "/root/.cache/pypoetry/virtualenvs/django-goodfood-project-9TtSrW0h-py3.12/lib/python3.12/site-packages/django/utils/deprecation.py", line 119, in __call__
    response = self.process_request(request)
               ^^^^^^^^^^^^^^^^^^^^^^^^^^^^^
  File "/root/.cache/pypoetry/virtualenvs/django-goodfood-project-9TtSrW0h-py3.12/lib/python3.12/site-packages/django/middleware/security.py", line 28, in process_request
    host = self.redirect_host or request.get_host()
                                 ^^^^^^^^^^^^^^^^^^
  File "/root/.cache/pypoetry/virtualenvs/django-goodfood-project-9TtSrW0h-py3.12/lib/python3.12/site-packages/django/http/request.py", line 202, in get_host
    raise DisallowedHost(msg)
django.core.exceptions.DisallowedHost: Invalid HTTP_HOST header: '127.0.0.1:8000'. You may need to add '127.0.0.1' to ALLOWED_HOSTS.
ERROR 2025-08-18 01:04:12 Invalid HTTP_HOST header: '89.169.179.116'. You may need to add '89.169.179.116' to ALLOWED_HOSTS.
Traceback (most recent call last):
  File "/root/.cache/pypoetry/virtualenvs/django-goodfood-project-9TtSrW0h-py3.12/lib/python3.12/site-packages/django/core/handlers/exception.py", line 55, in inner
    response = get_response(request)
               ^^^^^^^^^^^^^^^^^^^^^
  File "/root/.cache/pypoetry/virtualenvs/django-goodfood-project-9TtSrW0h-py3.12/lib/python3.12/site-packages/django/utils/deprecation.py", line 119, in __call__
    response = self.process_request(request)
               ^^^^^^^^^^^^^^^^^^^^^^^^^^^^^
  File "/root/.cache/pypoetry/virtualenvs/django-goodfood-project-9TtSrW0h-py3.12/lib/python3.12/site-packages/django/middleware/common.py", line 48, in process_request
    host = request.get_host()
           ^^^^^^^^^^^^^^^^^^
  File "/root/.cache/pypoetry/virtualenvs/django-goodfood-project-9TtSrW0h-py3.12/lib/python3.12/site-packages/django/http/request.py", line 202, in get_host
    raise DisallowedHost(msg)
django.core.exceptions.DisallowedHost: Invalid HTTP_HOST header: '89.169.179.116'. You may need to add '89.169.179.116' to ALLOWED_HOSTS.
ERROR 2025-08-18 01:05:18 Invalid HTTP_HOST header: '89.169.179.116:8000'. You may need to add '89.169.179.116' to ALLOWED_HOSTS.
Traceback (most recent call last):
  File "/root/.cache/pypoetry/virtualenvs/django-goodfood-project-9TtSrW0h-py3.12/lib/python3.12/site-packages/django/core/handlers/exception.py", line 55, in inner
    response = get_response(request)
               ^^^^^^^^^^^^^^^^^^^^^
  File "/root/.cache/pypoetry/virtualenvs/django-goodfood-project-9TtSrW0h-py3.12/lib/python3.12/site-packages/django/utils/deprecation.py", line 119, in __call__
    response = self.process_request(request)
               ^^^^^^^^^^^^^^^^^^^^^^^^^^^^^
  File "/root/.cache/pypoetry/virtualenvs/django-goodfood-project-9TtSrW0h-py3.12/lib/python3.12/site-packages/django/middleware/security.py", line 28, in process_request
    host = self.redirect_host or request.get_host()
                                 ^^^^^^^^^^^^^^^^^^
  File "/root/.cache/pypoetry/virtualenvs/django-goodfood-project-9TtSrW0h-py3.12/lib/python3.12/site-packages/django/http/request.py", line 202, in get_host
    raise DisallowedHost(msg)
django.core.exceptions.DisallowedHost: Invalid HTTP_HOST header: '89.169.179.116:8000'. You may need to add '89.169.179.116' to ALLOWED_HOSTS.
WARNING 2025-08-18 01:05:49 Not Found: /
ERROR 2025-08-18 01:06:00 Internal Server Error: /goodfood/food/
Traceback (most recent call last):
  File "/root/.cache/pypoetry/virtualenvs/django-goodfood-project-9TtSrW0h-py3.12/lib/python3.12/site-packages/django/db/backends/utils.py", line 105, in _execute
    return self.cursor.execute(sql, params)
           ^^^^^^^^^^^^^^^^^^^^^^^^^^^^^^^^
psycopg2.errors.UndefinedTable: relation "goodfood_goods" does not exist
LINE 1: ...ategories"."id", "goodfood_categories"."cat" FROM "goodfood_...
                                                             ^


The above exception was the direct cause of the following exception:

Traceback (most recent call last):
  File "/root/.cache/pypoetry/virtualenvs/django-goodfood-project-9TtSrW0h-py3.12/lib/python3.12/site-packages/django/core/handlers/exception.py", line 55, in inner
    response = get_response(request)
               ^^^^^^^^^^^^^^^^^^^^^
  File "/root/.cache/pypoetry/virtualenvs/django-goodfood-project-9TtSrW0h-py3.12/lib/python3.12/site-packages/django/core/handlers/base.py", line 197, in _get_response
    response = wrapped_callback(request, *callback_args, **callback_kwargs)
               ^^^^^^^^^^^^^^^^^^^^^^^^^^^^^^^^^^^^^^^^^^^^^^^^^^^^^^^^^^^^
  File "/app/apps/goodfood/views.py", line 14, in food
    list_food = get_list_or_404(Goods.objects.select_related("category").all())
                ^^^^^^^^^^^^^^^^^^^^^^^^^^^^^^^^^^^^^^^^^^^^^^^^^^^^^^^^^^^^^^^
  File "/root/.cache/pypoetry/virtualenvs/django-goodfood-project-9TtSrW0h-py3.12/lib/python3.12/site-packages/django/shortcuts.py", line 131, in get_list_or_404
    obj_list = list(queryset.filter(*args, **kwargs))
               ^^^^^^^^^^^^^^^^^^^^^^^^^^^^^^^^^^^^^^
  File "/root/.cache/pypoetry/virtualenvs/django-goodfood-project-9TtSrW0h-py3.12/lib/python3.12/site-packages/django/db/models/query.py", line 384, in __iter__
    self._fetch_all()
  File "/root/.cache/pypoetry/virtualenvs/django-goodfood-project-9TtSrW0h-py3.12/lib/python3.12/site-packages/django/db/models/query.py", line 1949, in _fetch_all
    self._result_cache = list(self._iterable_class(self))
                         ^^^^^^^^^^^^^^^^^^^^^^^^^^^^^^^^
  File "/root/.cache/pypoetry/virtualenvs/django-goodfood-project-9TtSrW0h-py3.12/lib/python3.12/site-packages/django/db/models/query.py", line 91, in __iter__
    results = compiler.execute_sql(
              ^^^^^^^^^^^^^^^^^^^^^
  File "/root/.cache/pypoetry/virtualenvs/django-goodfood-project-9TtSrW0h-py3.12/lib/python3.12/site-packages/django/db/models/sql/compiler.py", line 1623, in execute_sql
    cursor.execute(sql, params)
  File "/root/.cache/pypoetry/virtualenvs/django-goodfood-project-9TtSrW0h-py3.12/lib/python3.12/site-packages/django/db/backends/utils.py", line 79, in execute
    return self._execute_with_wrappers(
           ^^^^^^^^^^^^^^^^^^^^^^^^^^^^
  File "/root/.cache/pypoetry/virtualenvs/django-goodfood-project-9TtSrW0h-py3.12/lib/python3.12/site-packages/django/db/backends/utils.py", line 92, in _execute_with_wrappers
    return executor(sql, params, many, context)
           ^^^^^^^^^^^^^^^^^^^^^^^^^^^^^^^^^^^^
  File "/root/.cache/pypoetry/virtualenvs/django-goodfood-project-9TtSrW0h-py3.12/lib/python3.12/site-packages/django/db/backends/utils.py", line 100, in _execute
    with self.db.wrap_database_errors:
         ^^^^^^^^^^^^^^^^^^^^^^^^^^^^
  File "/root/.cache/pypoetry/virtualenvs/django-goodfood-project-9TtSrW0h-py3.12/lib/python3.12/site-packages/django/db/utils.py", line 91, in __exit__
    raise dj_exc_value.with_traceback(traceback) from exc_value
  File "/root/.cache/pypoetry/virtualenvs/django-goodfood-project-9TtSrW0h-py3.12/lib/python3.12/site-packages/django/db/backends/utils.py", line 105, in _execute
    return self.cursor.execute(sql, params)
           ^^^^^^^^^^^^^^^^^^^^^^^^^^^^^^^^
django.db.utils.ProgrammingError: relation "goodfood_goods" does not exist
LINE 1: ...ategories"."id", "goodfood_categories"."cat" FROM "goodfood_...
                                                             ^

