ERROR 2025-08-16 09:12:51 Invalid HTTP_HOST header: '127.0.0.1:8000'. You may need to add '127.0.0.1' to ALLOWED_HOSTS.
Traceback (most recent call last):
  File "/root/.cache/pypoetry/virtualenvs/django-goodfood-project-9TtSrW0h-py3.12/lib/python3.12/site-packages/django/core/handlers/exception.py", line 55, in inner
    response = get_response(request)
               ^^^^^^^^^^^^^^^^^^^^^
  File "/root/.cache/pypoetry/virtualenvs/django-goodfood-project-9TtSrW0h-py3.12/lib/python3.12/site-packages/django/utils/deprecation.py", line 119, in __call__
    response = self.process_request(request)
               ^^^^^^^^^^^^^^^^^^^^^^^^^^^^^
  File "/root/.cache/pypoetry/virtualenvs/django-goodfood-project-9TtSrW0h-py3.12/lib/python3.12/site-packages/django/middleware/security.py", line 28, in process_request
    host = self.redirect_host or request.get_host()
                                 ^^^^^^^^^^^^^^^^^^
  File "/root/.cache/pypoetry/virtualenvs/django-goodfood-project-9TtSrW0h-py3.12/lib/python3.12/site-packages/django/http/request.py", line 202, in get_host
    raise DisallowedHost(msg)
django.core.exceptions.DisallowedHost: Invalid HTTP_HOST header: '127.0.0.1:8000'. You may need to add '127.0.0.1' to ALLOWED_HOSTS.
ERROR 2025-08-16 09:12:57 Invalid HTTP_HOST header: '127.0.0.1:8000'. You may need to add '127.0.0.1' to ALLOWED_HOSTS.
Traceback (most recent call last):
  File "/root/.cache/pypoetry/virtualenvs/django-goodfood-project-9TtSrW0h-py3.12/lib/python3.12/site-packages/django/core/handlers/exception.py", line 55, in inner
    response = get_response(request)
               ^^^^^^^^^^^^^^^^^^^^^
  File "/root/.cache/pypoetry/virtualenvs/django-goodfood-project-9TtSrW0h-py3.12/lib/python3.12/site-packages/django/utils/deprecation.py", line 119, in __call__
    response = self.process_request(request)
               ^^^^^^^^^^^^^^^^^^^^^^^^^^^^^
  File "/root/.cache/pypoetry/virtualenvs/django-goodfood-project-9TtSrW0h-py3.12/lib/python3.12/site-packages/django/middleware/security.py", line 28, in process_request
    host = self.redirect_host or request.get_host()
                                 ^^^^^^^^^^^^^^^^^^
  File "/root/.cache/pypoetry/virtualenvs/django-goodfood-project-9TtSrW0h-py3.12/lib/python3.12/site-packages/django/http/request.py", line 202, in get_host
    raise DisallowedHost(msg)
django.core.exceptions.DisallowedHost: Invalid HTTP_HOST header: '127.0.0.1:8000'. You may need to add '127.0.0.1' to ALLOWED_HOSTS.
ERROR 2025-08-16 09:13:10 Invalid HTTP_HOST header: '127.0.0.1:8000'. You may need to add '127.0.0.1' to ALLOWED_HOSTS.
Traceback (most recent call last):
  File "/root/.cache/pypoetry/virtualenvs/django-goodfood-project-9TtSrW0h-py3.12/lib/python3.12/site-packages/django/core/handlers/exception.py", line 55, in inner
    response = get_response(request)
               ^^^^^^^^^^^^^^^^^^^^^
  File "/root/.cache/pypoetry/virtualenvs/django-goodfood-project-9TtSrW0h-py3.12/lib/python3.12/site-packages/django/utils/deprecation.py", line 119, in __call__
    response = self.process_request(request)
               ^^^^^^^^^^^^^^^^^^^^^^^^^^^^^
  File "/root/.cache/pypoetry/virtualenvs/django-goodfood-project-9TtSrW0h-py3.12/lib/python3.12/site-packages/django/middleware/security.py", line 28, in process_request
    host = self.redirect_host or request.get_host()
                                 ^^^^^^^^^^^^^^^^^^
  File "/root/.cache/pypoetry/virtualenvs/django-goodfood-project-9TtSrW0h-py3.12/lib/python3.12/site-packages/django/http/request.py", line 202, in get_host
    raise DisallowedHost(msg)
django.core.exceptions.DisallowedHost: Invalid HTTP_HOST header: '127.0.0.1:8000'. You may need to add '127.0.0.1' to ALLOWED_HOSTS.
ERROR 2025-08-18 01:04:12 Invalid HTTP_HOST header: '89.169.179.116'. You may need to add '89.169.179.116' to ALLOWED_HOSTS.
Traceback (most recent call last):
  File "/root/.cache/pypoetry/virtualenvs/django-goodfood-project-9TtSrW0h-py3.12/lib/python3.12/site-packages/django/core/handlers/exception.py", line 55, in inner
    response = get_response(request)
               ^^^^^^^^^^^^^^^^^^^^^
  File "/root/.cache/pypoetry/virtualenvs/django-goodfood-project-9TtSrW0h-py3.12/lib/python3.12/site-packages/django/utils/deprecation.py", line 119, in __call__
    response = self.process_request(request)
               ^^^^^^^^^^^^^^^^^^^^^^^^^^^^^
  File "/root/.cache/pypoetry/virtualenvs/django-goodfood-project-9TtSrW0h-py3.12/lib/python3.12/site-packages/django/middleware/common.py", line 48, in process_request
    host = request.get_host()
           ^^^^^^^^^^^^^^^^^^
  File "/root/.cache/pypoetry/virtualenvs/django-goodfood-project-9TtSrW0h-py3.12/lib/python3.12/site-packages/django/http/request.py", line 202, in get_host
    raise DisallowedHost(msg)
django.core.exceptions.DisallowedHost: Invalid HTTP_HOST header: '89.169.179.116'. You may need to add '89.169.179.116' to ALLOWED_HOSTS.
ERROR 2025-08-18 01:05:18 Invalid HTTP_HOST header: '89.169.179.116:8000'. You may need to add '89.169.179.116' to ALLOWED_HOSTS.
Traceback (most recent call last):
  File "/root/.cache/pypoetry/virtualenvs/django-goodfood-project-9TtSrW0h-py3.12/lib/python3.12/site-packages/django/core/handlers/exception.py", line 55, in inner
    response = get_response(request)
               ^^^^^^^^^^^^^^^^^^^^^
  File "/root/.cache/pypoetry/virtualenvs/django-goodfood-project-9TtSrW0h-py3.12/lib/python3.12/site-packages/django/utils/deprecation.py", line 119, in __call__
    response = self.process_request(request)
               ^^^^^^^^^^^^^^^^^^^^^^^^^^^^^
  File "/root/.cache/pypoetry/virtualenvs/django-goodfood-project-9TtSrW0h-py3.12/lib/python3.12/site-packages/django/middleware/security.py", line 28, in process_request
    host = self.redirect_host or request.get_host()
                                 ^^^^^^^^^^^^^^^^^^
  File "/root/.cache/pypoetry/virtualenvs/django-goodfood-project-9TtSrW0h-py3.12/lib/python3.12/site-packages/django/http/request.py", line 202, in get_host
    raise DisallowedHost(msg)
django.core.exceptions.DisallowedHost: Invalid HTTP_HOST header: '89.169.179.116:8000'. You may need to add '89.169.179.116' to ALLOWED_HOSTS.
WARNING 2025-08-18 01:05:49 Not Found: /
ERROR 2025-08-18 01:06:00 Internal Server Error: /goodfood/food/
Traceback (most recent call last):
  File "/root/.cache/pypoetry/virtualenvs/django-goodfood-project-9TtSrW0h-py3.12/lib/python3.12/site-packages/django/db/backends/utils.py", line 105, in _execute
    return self.cursor.execute(sql, params)
           ^^^^^^^^^^^^^^^^^^^^^^^^^^^^^^^^
psycopg2.errors.UndefinedTable: relation "goodfood_goods" does not exist
LINE 1: ...ategories"."id", "goodfood_categories"."cat" FROM "goodfood_...
                                                             ^


The above exception was the direct cause of the following exception:

Traceback (most recent call last):
  File "/root/.cache/pypoetry/virtualenvs/django-goodfood-project-9TtSrW0h-py3.12/lib/python3.12/site-packages/django/core/handlers/exception.py", line 55, in inner
    response = get_response(request)
               ^^^^^^^^^^^^^^^^^^^^^
  File "/root/.cache/pypoetry/virtualenvs/django-goodfood-project-9TtSrW0h-py3.12/lib/python3.12/site-packages/django/core/handlers/base.py", line 197, in _get_response
    response = wrapped_callback(request, *callback_args, **callback_kwargs)
               ^^^^^^^^^^^^^^^^^^^^^^^^^^^^^^^^^^^^^^^^^^^^^^^^^^^^^^^^^^^^
  File "/app/apps/goodfood/views.py", line 14, in food
    list_food = get_list_or_404(Goods.objects.select_related("category").all())
                ^^^^^^^^^^^^^^^^^^^^^^^^^^^^^^^^^^^^^^^^^^^^^^^^^^^^^^^^^^^^^^^
  File "/root/.cache/pypoetry/virtualenvs/django-goodfood-project-9TtSrW0h-py3.12/lib/python3.12/site-packages/django/shortcuts.py", line 131, in get_list_or_404
    obj_list = list(queryset.filter(*args, **kwargs))
               ^^^^^^^^^^^^^^^^^^^^^^^^^^^^^^^^^^^^^^
  File "/root/.cache/pypoetry/virtualenvs/django-goodfood-project-9TtSrW0h-py3.12/lib/python3.12/site-packages/django/db/models/query.py", line 384, in __iter__
    self._fetch_all()
  File "/root/.cache/pypoetry/virtualenvs/django-goodfood-project-9TtSrW0h-py3.12/lib/python3.12/site-packages/django/db/models/query.py", line 1949, in _fetch_all
    self._result_cache = list(self._iterable_class(self))
                         ^^^^^^^^^^^^^^^^^^^^^^^^^^^^^^^^
  File "/root/.cache/pypoetry/virtualenvs/django-goodfood-project-9TtSrW0h-py3.12/lib/python3.12/site-packages/django/db/models/query.py", line 91, in __iter__
    results = compiler.execute_sql(
              ^^^^^^^^^^^^^^^^^^^^^
  File "/root/.cache/pypoetry/virtualenvs/django-goodfood-project-9TtSrW0h-py3.12/lib/python3.12/site-packages/django/db/models/sql/compiler.py", line 1623, in execute_sql
    cursor.execute(sql, params)
  File "/root/.cache/pypoetry/virtualenvs/django-goodfood-project-9TtSrW0h-py3.12/lib/python3.12/site-packages/django/db/backends/utils.py", line 79, in execute
    return self._execute_with_wrappers(
           ^^^^^^^^^^^^^^^^^^^^^^^^^^^^
  File "/root/.cache/pypoetry/virtualenvs/django-goodfood-project-9TtSrW0h-py3.12/lib/python3.12/site-packages/django/db/backends/utils.py", line 92, in _execute_with_wrappers
    return executor(sql, params, many, context)
           ^^^^^^^^^^^^^^^^^^^^^^^^^^^^^^^^^^^^
  File "/root/.cache/pypoetry/virtualenvs/django-goodfood-project-9TtSrW0h-py3.12/lib/python3.12/site-packages/django/db/backends/utils.py", line 100, in _execute
    with self.db.wrap_database_errors:
         ^^^^^^^^^^^^^^^^^^^^^^^^^^^^
  File "/root/.cache/pypoetry/virtualenvs/django-goodfood-project-9TtSrW0h-py3.12/lib/python3.12/site-packages/django/db/utils.py", line 91, in __exit__
    raise dj_exc_value.with_traceback(traceback) from exc_value
  File "/root/.cache/pypoetry/virtualenvs/django-goodfood-project-9TtSrW0h-py3.12/lib/python3.12/site-packages/django/db/backends/utils.py", line 105, in _execute
    return self.cursor.execute(sql, params)
           ^^^^^^^^^^^^^^^^^^^^^^^^^^^^^^^^
django.db.utils.ProgrammingError: relation "goodfood_goods" does not exist
LINE 1: ...ategories"."id", "goodfood_categories"."cat" FROM "goodfood_...
                                                             ^

WARNING 2025-08-18 02:56:48 Not Found: /
WARNING 2025-08-18 02:56:48 Not Found: /favicon.ico
WARNING 2025-08-18 02:57:59 Not Found: /
WARNING 2025-08-18 02:57:59 Not Found: /
WARNING 2025-08-18 02:57:59 Not Found: /favicon.ico
WARNING 2025-08-18 02:58:15 Not Found: /wp-admin/setup-config.php
ERROR 2025-08-18 02:58:43 Internal Server Error: /admin/login/
Traceback (most recent call last):
  File "/root/.cache/pypoetry/virtualenvs/django-goodfood-project-9TtSrW0h-py3.12/lib/python3.12/site-packages/django/db/backends/utils.py", line 105, in _execute
    return self.cursor.execute(sql, params)
           ^^^^^^^^^^^^^^^^^^^^^^^^^^^^^^^^
psycopg2.errors.UndefinedTable: relation "auth_user" does not exist
LINE 1: ...user"."is_active", "auth_user"."date_joined" FROM "auth_user...
                                                             ^


The above exception was the direct cause of the following exception:

Traceback (most recent call last):
  File "/root/.cache/pypoetry/virtualenvs/django-goodfood-project-9TtSrW0h-py3.12/lib/python3.12/site-packages/django/core/handlers/exception.py", line 55, in inner
    response = get_response(request)
               ^^^^^^^^^^^^^^^^^^^^^
  File "/root/.cache/pypoetry/virtualenvs/django-goodfood-project-9TtSrW0h-py3.12/lib/python3.12/site-packages/django/core/handlers/base.py", line 197, in _get_response
    response = wrapped_callback(request, *callback_args, **callback_kwargs)
               ^^^^^^^^^^^^^^^^^^^^^^^^^^^^^^^^^^^^^^^^^^^^^^^^^^^^^^^^^^^^
  File "/root/.cache/pypoetry/virtualenvs/django-goodfood-project-9TtSrW0h-py3.12/lib/python3.12/site-packages/django/utils/decorators.py", line 48, in _wrapper
    return bound_method(*args, **kwargs)
           ^^^^^^^^^^^^^^^^^^^^^^^^^^^^^
  File "/root/.cache/pypoetry/virtualenvs/django-goodfood-project-9TtSrW0h-py3.12/lib/python3.12/site-packages/django/views/decorators/cache.py", line 80, in _view_wrapper
    response = view_func(request, *args, **kwargs)
               ^^^^^^^^^^^^^^^^^^^^^^^^^^^^^^^^^^^
  File "/root/.cache/pypoetry/virtualenvs/django-goodfood-project-9TtSrW0h-py3.12/lib/python3.12/site-packages/django/contrib/admin/sites.py", line 449, in login
    return LoginView.as_view(**defaults)(request)
           ^^^^^^^^^^^^^^^^^^^^^^^^^^^^^^^^^^^^^^
  File "/root/.cache/pypoetry/virtualenvs/django-goodfood-project-9TtSrW0h-py3.12/lib/python3.12/site-packages/django/views/generic/base.py", line 105, in view
    return self.dispatch(request, *args, **kwargs)
           ^^^^^^^^^^^^^^^^^^^^^^^^^^^^^^^^^^^^^^^
  File "/root/.cache/pypoetry/virtualenvs/django-goodfood-project-9TtSrW0h-py3.12/lib/python3.12/site-packages/django/utils/decorators.py", line 48, in _wrapper
    return bound_method(*args, **kwargs)
           ^^^^^^^^^^^^^^^^^^^^^^^^^^^^^
  File "/root/.cache/pypoetry/virtualenvs/django-goodfood-project-9TtSrW0h-py3.12/lib/python3.12/site-packages/django/utils/decorators.py", line 48, in _wrapper
    return bound_method(*args, **kwargs)
           ^^^^^^^^^^^^^^^^^^^^^^^^^^^^^
  File "/root/.cache/pypoetry/virtualenvs/django-goodfood-project-9TtSrW0h-py3.12/lib/python3.12/site-packages/django/views/decorators/debug.py", line 143, in sensitive_post_parameters_wrapper
    return view(request, *args, **kwargs)
           ^^^^^^^^^^^^^^^^^^^^^^^^^^^^^^
  File "/root/.cache/pypoetry/virtualenvs/django-goodfood-project-9TtSrW0h-py3.12/lib/python3.12/site-packages/django/utils/decorators.py", line 48, in _wrapper
    return bound_method(*args, **kwargs)
           ^^^^^^^^^^^^^^^^^^^^^^^^^^^^^
  File "/root/.cache/pypoetry/virtualenvs/django-goodfood-project-9TtSrW0h-py3.12/lib/python3.12/site-packages/django/utils/decorators.py", line 192, in _view_wrapper
    result = _process_exception(request, e)
             ^^^^^^^^^^^^^^^^^^^^^^^^^^^^^^
  File "/root/.cache/pypoetry/virtualenvs/django-goodfood-project-9TtSrW0h-py3.12/lib/python3.12/site-packages/django/utils/decorators.py", line 190, in _view_wrapper
    response = view_func(request, *args, **kwargs)
               ^^^^^^^^^^^^^^^^^^^^^^^^^^^^^^^^^^^
  File "/root/.cache/pypoetry/virtualenvs/django-goodfood-project-9TtSrW0h-py3.12/lib/python3.12/site-packages/django/utils/decorators.py", line 48, in _wrapper
    return bound_method(*args, **kwargs)
           ^^^^^^^^^^^^^^^^^^^^^^^^^^^^^
  File "/root/.cache/pypoetry/virtualenvs/django-goodfood-project-9TtSrW0h-py3.12/lib/python3.12/site-packages/django/views/decorators/cache.py", line 80, in _view_wrapper
    response = view_func(request, *args, **kwargs)
               ^^^^^^^^^^^^^^^^^^^^^^^^^^^^^^^^^^^
  File "/root/.cache/pypoetry/virtualenvs/django-goodfood-project-9TtSrW0h-py3.12/lib/python3.12/site-packages/django/contrib/auth/views.py", line 89, in dispatch
    return super().dispatch(request, *args, **kwargs)
           ^^^^^^^^^^^^^^^^^^^^^^^^^^^^^^^^^^^^^^^^^^
  File "/root/.cache/pypoetry/virtualenvs/django-goodfood-project-9TtSrW0h-py3.12/lib/python3.12/site-packages/django/views/generic/base.py", line 144, in dispatch
    return handler(request, *args, **kwargs)
           ^^^^^^^^^^^^^^^^^^^^^^^^^^^^^^^^^
  File "/root/.cache/pypoetry/virtualenvs/django-goodfood-project-9TtSrW0h-py3.12/lib/python3.12/site-packages/django/views/generic/edit.py", line 150, in post
    if form.is_valid():
       ^^^^^^^^^^^^^^^
  File "/root/.cache/pypoetry/virtualenvs/django-goodfood-project-9TtSrW0h-py3.12/lib/python3.12/site-packages/django/forms/forms.py", line 206, in is_valid
    return self.is_bound and not self.errors
                                 ^^^^^^^^^^^
  File "/root/.cache/pypoetry/virtualenvs/django-goodfood-project-9TtSrW0h-py3.12/lib/python3.12/site-packages/django/forms/forms.py", line 201, in errors
    self.full_clean()
  File "/root/.cache/pypoetry/virtualenvs/django-goodfood-project-9TtSrW0h-py3.12/lib/python3.12/site-packages/django/forms/forms.py", line 338, in full_clean
    self._clean_form()
  File "/root/.cache/pypoetry/virtualenvs/django-goodfood-project-9TtSrW0h-py3.12/lib/python3.12/site-packages/django/forms/forms.py", line 354, in _clean_form
    cleaned_data = self.clean()
                   ^^^^^^^^^^^^
  File "/root/.cache/pypoetry/virtualenvs/django-goodfood-project-9TtSrW0h-py3.12/lib/python3.12/site-packages/django/views/decorators/debug.py", line 75, in sensitive_variables_wrapper
    return func(*func_args, **func_kwargs)
           ^^^^^^^^^^^^^^^^^^^^^^^^^^^^^^^
  File "/root/.cache/pypoetry/virtualenvs/django-goodfood-project-9TtSrW0h-py3.12/lib/python3.12/site-packages/django/contrib/auth/forms.py", line 366, in clean
    self.user_cache = authenticate(
                      ^^^^^^^^^^^^^
  File "/root/.cache/pypoetry/virtualenvs/django-goodfood-project-9TtSrW0h-py3.12/lib/python3.12/site-packages/django/views/decorators/debug.py", line 75, in sensitive_variables_wrapper
    return func(*func_args, **func_kwargs)
           ^^^^^^^^^^^^^^^^^^^^^^^^^^^^^^^
  File "/root/.cache/pypoetry/virtualenvs/django-goodfood-project-9TtSrW0h-py3.12/lib/python3.12/site-packages/django/contrib/auth/__init__.py", line 114, in authenticate
    user = backend.authenticate(request, **credentials)
           ^^^^^^^^^^^^^^^^^^^^^^^^^^^^^^^^^^^^^^^^^^^^
  File "/root/.cache/pypoetry/virtualenvs/django-goodfood-project-9TtSrW0h-py3.12/lib/python3.12/site-packages/django/contrib/auth/backends.py", line 65, in authenticate
    user = UserModel._default_manager.get_by_natural_key(username)
           ^^^^^^^^^^^^^^^^^^^^^^^^^^^^^^^^^^^^^^^^^^^^^^^^^^^^^^^
  File "/root/.cache/pypoetry/virtualenvs/django-goodfood-project-9TtSrW0h-py3.12/lib/python3.12/site-packages/django/contrib/auth/base_user.py", line 37, in get_by_natural_key
    return self.get(**{self.model.USERNAME_FIELD: username})
           ^^^^^^^^^^^^^^^^^^^^^^^^^^^^^^^^^^^^^^^^^^^^^^^^^
  File "/root/.cache/pypoetry/virtualenvs/django-goodfood-project-9TtSrW0h-py3.12/lib/python3.12/site-packages/django/db/models/manager.py", line 87, in manager_method
    return getattr(self.get_queryset(), name)(*args, **kwargs)
           ^^^^^^^^^^^^^^^^^^^^^^^^^^^^^^^^^^^^^^^^^^^^^^^^^^^
  File "/root/.cache/pypoetry/virtualenvs/django-goodfood-project-9TtSrW0h-py3.12/lib/python3.12/site-packages/django/db/models/query.py", line 629, in get
    num = len(clone)
          ^^^^^^^^^^
  File "/root/.cache/pypoetry/virtualenvs/django-goodfood-project-9TtSrW0h-py3.12/lib/python3.12/site-packages/django/db/models/query.py", line 366, in __len__
    self._fetch_all()
  File "/root/.cache/pypoetry/virtualenvs/django-goodfood-project-9TtSrW0h-py3.12/lib/python3.12/site-packages/django/db/models/query.py", line 1949, in _fetch_all
    self._result_cache = list(self._iterable_class(self))
                         ^^^^^^^^^^^^^^^^^^^^^^^^^^^^^^^^
  File "/root/.cache/pypoetry/virtualenvs/django-goodfood-project-9TtSrW0h-py3.12/lib/python3.12/site-packages/django/db/models/query.py", line 91, in __iter__
    results = compiler.execute_sql(
              ^^^^^^^^^^^^^^^^^^^^^
  File "/root/.cache/pypoetry/virtualenvs/django-goodfood-project-9TtSrW0h-py3.12/lib/python3.12/site-packages/django/db/models/sql/compiler.py", line 1623, in execute_sql
    cursor.execute(sql, params)
  File "/root/.cache/pypoetry/virtualenvs/django-goodfood-project-9TtSrW0h-py3.12/lib/python3.12/site-packages/django/db/backends/utils.py", line 79, in execute
    return self._execute_with_wrappers(
           ^^^^^^^^^^^^^^^^^^^^^^^^^^^^
  File "/root/.cache/pypoetry/virtualenvs/django-goodfood-project-9TtSrW0h-py3.12/lib/python3.12/site-packages/django/db/backends/utils.py", line 92, in _execute_with_wrappers
    return executor(sql, params, many, context)
           ^^^^^^^^^^^^^^^^^^^^^^^^^^^^^^^^^^^^
  File "/root/.cache/pypoetry/virtualenvs/django-goodfood-project-9TtSrW0h-py3.12/lib/python3.12/site-packages/django/db/backends/utils.py", line 100, in _execute
    with self.db.wrap_database_errors:
         ^^^^^^^^^^^^^^^^^^^^^^^^^^^^
  File "/root/.cache/pypoetry/virtualenvs/django-goodfood-project-9TtSrW0h-py3.12/lib/python3.12/site-packages/django/db/utils.py", line 91, in __exit__
    raise dj_exc_value.with_traceback(traceback) from exc_value
  File "/root/.cache/pypoetry/virtualenvs/django-goodfood-project-9TtSrW0h-py3.12/lib/python3.12/site-packages/django/db/backends/utils.py", line 105, in _execute
    return self.cursor.execute(sql, params)
           ^^^^^^^^^^^^^^^^^^^^^^^^^^^^^^^^
django.db.utils.ProgrammingError: relation "auth_user" does not exist
LINE 1: ...user"."is_active", "auth_user"."date_joined" FROM "auth_user...
                                                             ^

WARNING 2025-08-18 03:08:12 Not Found: /favicon.ico
ERROR 2025-08-18 03:08:18 Internal Server Error: /admin/login/
Traceback (most recent call last):
  File "/root/.cache/pypoetry/virtualenvs/django-goodfood-project-9TtSrW0h-py3.12/lib/python3.12/site-packages/django/db/backends/utils.py", line 105, in _execute
    return self.cursor.execute(sql, params)
           ^^^^^^^^^^^^^^^^^^^^^^^^^^^^^^^^
psycopg2.errors.UndefinedTable: relation "auth_user" does not exist
LINE 1: ...user"."is_active", "auth_user"."date_joined" FROM "auth_user...
                                                             ^


The above exception was the direct cause of the following exception:

Traceback (most recent call last):
  File "/root/.cache/pypoetry/virtualenvs/django-goodfood-project-9TtSrW0h-py3.12/lib/python3.12/site-packages/django/core/handlers/exception.py", line 55, in inner
    response = get_response(request)
               ^^^^^^^^^^^^^^^^^^^^^
  File "/root/.cache/pypoetry/virtualenvs/django-goodfood-project-9TtSrW0h-py3.12/lib/python3.12/site-packages/django/core/handlers/base.py", line 197, in _get_response
    response = wrapped_callback(request, *callback_args, **callback_kwargs)
               ^^^^^^^^^^^^^^^^^^^^^^^^^^^^^^^^^^^^^^^^^^^^^^^^^^^^^^^^^^^^
  File "/root/.cache/pypoetry/virtualenvs/django-goodfood-project-9TtSrW0h-py3.12/lib/python3.12/site-packages/django/utils/decorators.py", line 48, in _wrapper
    return bound_method(*args, **kwargs)
           ^^^^^^^^^^^^^^^^^^^^^^^^^^^^^
  File "/root/.cache/pypoetry/virtualenvs/django-goodfood-project-9TtSrW0h-py3.12/lib/python3.12/site-packages/django/views/decorators/cache.py", line 80, in _view_wrapper
    response = view_func(request, *args, **kwargs)
               ^^^^^^^^^^^^^^^^^^^^^^^^^^^^^^^^^^^
  File "/root/.cache/pypoetry/virtualenvs/django-goodfood-project-9TtSrW0h-py3.12/lib/python3.12/site-packages/django/contrib/admin/sites.py", line 449, in login
    return LoginView.as_view(**defaults)(request)
           ^^^^^^^^^^^^^^^^^^^^^^^^^^^^^^^^^^^^^^
  File "/root/.cache/pypoetry/virtualenvs/django-goodfood-project-9TtSrW0h-py3.12/lib/python3.12/site-packages/django/views/generic/base.py", line 105, in view
    return self.dispatch(request, *args, **kwargs)
           ^^^^^^^^^^^^^^^^^^^^^^^^^^^^^^^^^^^^^^^
  File "/root/.cache/pypoetry/virtualenvs/django-goodfood-project-9TtSrW0h-py3.12/lib/python3.12/site-packages/django/utils/decorators.py", line 48, in _wrapper
    return bound_method(*args, **kwargs)
           ^^^^^^^^^^^^^^^^^^^^^^^^^^^^^
  File "/root/.cache/pypoetry/virtualenvs/django-goodfood-project-9TtSrW0h-py3.12/lib/python3.12/site-packages/django/utils/decorators.py", line 48, in _wrapper
    return bound_method(*args, **kwargs)
           ^^^^^^^^^^^^^^^^^^^^^^^^^^^^^
  File "/root/.cache/pypoetry/virtualenvs/django-goodfood-project-9TtSrW0h-py3.12/lib/python3.12/site-packages/django/views/decorators/debug.py", line 143, in sensitive_post_parameters_wrapper
    return view(request, *args, **kwargs)
           ^^^^^^^^^^^^^^^^^^^^^^^^^^^^^^
  File "/root/.cache/pypoetry/virtualenvs/django-goodfood-project-9TtSrW0h-py3.12/lib/python3.12/site-packages/django/utils/decorators.py", line 48, in _wrapper
    return bound_method(*args, **kwargs)
           ^^^^^^^^^^^^^^^^^^^^^^^^^^^^^
  File "/root/.cache/pypoetry/virtualenvs/django-goodfood-project-9TtSrW0h-py3.12/lib/python3.12/site-packages/django/utils/decorators.py", line 192, in _view_wrapper
    result = _process_exception(request, e)
             ^^^^^^^^^^^^^^^^^^^^^^^^^^^^^^
  File "/root/.cache/pypoetry/virtualenvs/django-goodfood-project-9TtSrW0h-py3.12/lib/python3.12/site-packages/django/utils/decorators.py", line 190, in _view_wrapper
    response = view_func(request, *args, **kwargs)
               ^^^^^^^^^^^^^^^^^^^^^^^^^^^^^^^^^^^
  File "/root/.cache/pypoetry/virtualenvs/django-goodfood-project-9TtSrW0h-py3.12/lib/python3.12/site-packages/django/utils/decorators.py", line 48, in _wrapper
    return bound_method(*args, **kwargs)
           ^^^^^^^^^^^^^^^^^^^^^^^^^^^^^
  File "/root/.cache/pypoetry/virtualenvs/django-goodfood-project-9TtSrW0h-py3.12/lib/python3.12/site-packages/django/views/decorators/cache.py", line 80, in _view_wrapper
    response = view_func(request, *args, **kwargs)
               ^^^^^^^^^^^^^^^^^^^^^^^^^^^^^^^^^^^
  File "/root/.cache/pypoetry/virtualenvs/django-goodfood-project-9TtSrW0h-py3.12/lib/python3.12/site-packages/django/contrib/auth/views.py", line 89, in dispatch
    return super().dispatch(request, *args, **kwargs)
           ^^^^^^^^^^^^^^^^^^^^^^^^^^^^^^^^^^^^^^^^^^
  File "/root/.cache/pypoetry/virtualenvs/django-goodfood-project-9TtSrW0h-py3.12/lib/python3.12/site-packages/django/views/generic/base.py", line 144, in dispatch
    return handler(request, *args, **kwargs)
           ^^^^^^^^^^^^^^^^^^^^^^^^^^^^^^^^^
  File "/root/.cache/pypoetry/virtualenvs/django-goodfood-project-9TtSrW0h-py3.12/lib/python3.12/site-packages/django/views/generic/edit.py", line 150, in post
    if form.is_valid():
       ^^^^^^^^^^^^^^^
  File "/root/.cache/pypoetry/virtualenvs/django-goodfood-project-9TtSrW0h-py3.12/lib/python3.12/site-packages/django/forms/forms.py", line 206, in is_valid
    return self.is_bound and not self.errors
                                 ^^^^^^^^^^^
  File "/root/.cache/pypoetry/virtualenvs/django-goodfood-project-9TtSrW0h-py3.12/lib/python3.12/site-packages/django/forms/forms.py", line 201, in errors
    self.full_clean()
  File "/root/.cache/pypoetry/virtualenvs/django-goodfood-project-9TtSrW0h-py3.12/lib/python3.12/site-packages/django/forms/forms.py", line 338, in full_clean
    self._clean_form()
  File "/root/.cache/pypoetry/virtualenvs/django-goodfood-project-9TtSrW0h-py3.12/lib/python3.12/site-packages/django/forms/forms.py", line 354, in _clean_form
    cleaned_data = self.clean()
                   ^^^^^^^^^^^^
  File "/root/.cache/pypoetry/virtualenvs/django-goodfood-project-9TtSrW0h-py3.12/lib/python3.12/site-packages/django/views/decorators/debug.py", line 75, in sensitive_variables_wrapper
    return func(*func_args, **func_kwargs)
           ^^^^^^^^^^^^^^^^^^^^^^^^^^^^^^^
  File "/root/.cache/pypoetry/virtualenvs/django-goodfood-project-9TtSrW0h-py3.12/lib/python3.12/site-packages/django/contrib/auth/forms.py", line 366, in clean
    self.user_cache = authenticate(
                      ^^^^^^^^^^^^^
  File "/root/.cache/pypoetry/virtualenvs/django-goodfood-project-9TtSrW0h-py3.12/lib/python3.12/site-packages/django/views/decorators/debug.py", line 75, in sensitive_variables_wrapper
    return func(*func_args, **func_kwargs)
           ^^^^^^^^^^^^^^^^^^^^^^^^^^^^^^^
  File "/root/.cache/pypoetry/virtualenvs/django-goodfood-project-9TtSrW0h-py3.12/lib/python3.12/site-packages/django/contrib/auth/__init__.py", line 114, in authenticate
    user = backend.authenticate(request, **credentials)
           ^^^^^^^^^^^^^^^^^^^^^^^^^^^^^^^^^^^^^^^^^^^^
  File "/root/.cache/pypoetry/virtualenvs/django-goodfood-project-9TtSrW0h-py3.12/lib/python3.12/site-packages/django/contrib/auth/backends.py", line 65, in authenticate
    user = UserModel._default_manager.get_by_natural_key(username)
           ^^^^^^^^^^^^^^^^^^^^^^^^^^^^^^^^^^^^^^^^^^^^^^^^^^^^^^^
  File "/root/.cache/pypoetry/virtualenvs/django-goodfood-project-9TtSrW0h-py3.12/lib/python3.12/site-packages/django/contrib/auth/base_user.py", line 37, in get_by_natural_key
    return self.get(**{self.model.USERNAME_FIELD: username})
           ^^^^^^^^^^^^^^^^^^^^^^^^^^^^^^^^^^^^^^^^^^^^^^^^^
  File "/root/.cache/pypoetry/virtualenvs/django-goodfood-project-9TtSrW0h-py3.12/lib/python3.12/site-packages/django/db/models/manager.py", line 87, in manager_method
    return getattr(self.get_queryset(), name)(*args, **kwargs)
           ^^^^^^^^^^^^^^^^^^^^^^^^^^^^^^^^^^^^^^^^^^^^^^^^^^^
  File "/root/.cache/pypoetry/virtualenvs/django-goodfood-project-9TtSrW0h-py3.12/lib/python3.12/site-packages/django/db/models/query.py", line 629, in get
    num = len(clone)
          ^^^^^^^^^^
  File "/root/.cache/pypoetry/virtualenvs/django-goodfood-project-9TtSrW0h-py3.12/lib/python3.12/site-packages/django/db/models/query.py", line 366, in __len__
    self._fetch_all()
  File "/root/.cache/pypoetry/virtualenvs/django-goodfood-project-9TtSrW0h-py3.12/lib/python3.12/site-packages/django/db/models/query.py", line 1949, in _fetch_all
    self._result_cache = list(self._iterable_class(self))
                         ^^^^^^^^^^^^^^^^^^^^^^^^^^^^^^^^
  File "/root/.cache/pypoetry/virtualenvs/django-goodfood-project-9TtSrW0h-py3.12/lib/python3.12/site-packages/django/db/models/query.py", line 91, in __iter__
    results = compiler.execute_sql(
              ^^^^^^^^^^^^^^^^^^^^^
  File "/root/.cache/pypoetry/virtualenvs/django-goodfood-project-9TtSrW0h-py3.12/lib/python3.12/site-packages/django/db/models/sql/compiler.py", line 1623, in execute_sql
    cursor.execute(sql, params)
  File "/root/.cache/pypoetry/virtualenvs/django-goodfood-project-9TtSrW0h-py3.12/lib/python3.12/site-packages/django/db/backends/utils.py", line 79, in execute
    return self._execute_with_wrappers(
           ^^^^^^^^^^^^^^^^^^^^^^^^^^^^
  File "/root/.cache/pypoetry/virtualenvs/django-goodfood-project-9TtSrW0h-py3.12/lib/python3.12/site-packages/django/db/backends/utils.py", line 92, in _execute_with_wrappers
    return executor(sql, params, many, context)
           ^^^^^^^^^^^^^^^^^^^^^^^^^^^^^^^^^^^^
  File "/root/.cache/pypoetry/virtualenvs/django-goodfood-project-9TtSrW0h-py3.12/lib/python3.12/site-packages/django/db/backends/utils.py", line 100, in _execute
    with self.db.wrap_database_errors:
         ^^^^^^^^^^^^^^^^^^^^^^^^^^^^
  File "/root/.cache/pypoetry/virtualenvs/django-goodfood-project-9TtSrW0h-py3.12/lib/python3.12/site-packages/django/db/utils.py", line 91, in __exit__
    raise dj_exc_value.with_traceback(traceback) from exc_value
  File "/root/.cache/pypoetry/virtualenvs/django-goodfood-project-9TtSrW0h-py3.12/lib/python3.12/site-packages/django/db/backends/utils.py", line 105, in _execute
    return self.cursor.execute(sql, params)
           ^^^^^^^^^^^^^^^^^^^^^^^^^^^^^^^^
django.db.utils.ProgrammingError: relation "auth_user" does not exist
LINE 1: ...user"."is_active", "auth_user"."date_joined" FROM "auth_user...
                                                             ^

ERROR 2025-08-18 03:11:00 Invalid HTTP_HOST header: '89.169.179.116'. You may need to add '89.169.179.116' to ALLOWED_HOSTS.
Traceback (most recent call last):
  File "/root/.cache/pypoetry/virtualenvs/django-goodfood-project-9TtSrW0h-py3.12/lib/python3.12/site-packages/django/core/handlers/exception.py", line 55, in inner
    response = get_response(request)
               ^^^^^^^^^^^^^^^^^^^^^
  File "/root/.cache/pypoetry/virtualenvs/django-goodfood-project-9TtSrW0h-py3.12/lib/python3.12/site-packages/django/utils/deprecation.py", line 119, in __call__
    response = self.process_request(request)
               ^^^^^^^^^^^^^^^^^^^^^^^^^^^^^
  File "/root/.cache/pypoetry/virtualenvs/django-goodfood-project-9TtSrW0h-py3.12/lib/python3.12/site-packages/django/middleware/common.py", line 48, in process_request
    host = request.get_host()
           ^^^^^^^^^^^^^^^^^^
  File "/root/.cache/pypoetry/virtualenvs/django-goodfood-project-9TtSrW0h-py3.12/lib/python3.12/site-packages/django/http/request.py", line 202, in get_host
    raise DisallowedHost(msg)
django.core.exceptions.DisallowedHost: Invalid HTTP_HOST header: '89.169.179.116'. You may need to add '89.169.179.116' to ALLOWED_HOSTS.
DEBUG 2025-08-18 03:19:52 CREATE TABLE "django_migrations" ("id" bigint NOT NULL PRIMARY KEY GENERATED BY DEFAULT AS IDENTITY, "app" varchar(255) NOT NULL, "name" varchar(255) NOT NULL, "applied" timestamp with time zone NOT NULL); (params None)
DEBUG 2025-08-18 03:19:52 CREATE TABLE "django_content_type" ("id" integer NOT NULL PRIMARY KEY GENERATED BY DEFAULT AS IDENTITY, "name" varchar(100) NOT NULL, "app_label" varchar(100) NOT NULL, "model" varchar(100) NOT NULL); (params None)
DEBUG 2025-08-18 03:19:52 ALTER TABLE "django_content_type" ADD CONSTRAINT "django_content_type_app_label_model_76bd3d3b_uniq" UNIQUE ("app_label", "model"); (params None)
DEBUG 2025-08-18 03:19:52 CREATE TABLE "auth_permission" ("id" integer NOT NULL PRIMARY KEY GENERATED BY DEFAULT AS IDENTITY, "name" varchar(50) NOT NULL, "content_type_id" integer NOT NULL, "codename" varchar(100) NOT NULL); (params None)
DEBUG 2025-08-18 03:19:52 CREATE TABLE "auth_group" ("id" integer NOT NULL PRIMARY KEY GENERATED BY DEFAULT AS IDENTITY, "name" varchar(80) NOT NULL UNIQUE); (params None)
DEBUG 2025-08-18 03:19:52 CREATE TABLE "auth_group_permissions" ("id" bigint NOT NULL PRIMARY KEY GENERATED BY DEFAULT AS IDENTITY, "group_id" integer NOT NULL, "permission_id" integer NOT NULL); (params None)
DEBUG 2025-08-18 03:19:52 CREATE TABLE "auth_user" ("id" integer NOT NULL PRIMARY KEY GENERATED BY DEFAULT AS IDENTITY, "password" varchar(128) NOT NULL, "last_login" timestamp with time zone NOT NULL, "is_superuser" boolean NOT NULL, "username" varchar(30) NOT NULL UNIQUE, "first_name" varchar(30) NOT NULL, "last_name" varchar(30) NOT NULL, "email" varchar(75) NOT NULL, "is_staff" boolean NOT NULL, "is_active" boolean NOT NULL, "date_joined" timestamp with time zone NOT NULL); (params None)
DEBUG 2025-08-18 03:19:52 CREATE TABLE "auth_user_groups" ("id" bigint NOT NULL PRIMARY KEY GENERATED BY DEFAULT AS IDENTITY, "user_id" integer NOT NULL, "group_id" integer NOT NULL); (params None)
DEBUG 2025-08-18 03:19:52 CREATE TABLE "auth_user_user_permissions" ("id" bigint NOT NULL PRIMARY KEY GENERATED BY DEFAULT AS IDENTITY, "user_id" integer NOT NULL, "permission_id" integer NOT NULL); (params None)
DEBUG 2025-08-18 03:19:52 ALTER TABLE "auth_permission" ADD CONSTRAINT "auth_permission_content_type_id_codename_01ab375a_uniq" UNIQUE ("content_type_id", "codename"); (params None)
DEBUG 2025-08-18 03:19:52 ALTER TABLE "auth_permission" ADD CONSTRAINT "auth_permission_content_type_id_2f476e4b_fk_django_co" FOREIGN KEY ("content_type_id") REFERENCES "django_content_type" ("id") DEFERRABLE INITIALLY DEFERRED; (params None)
DEBUG 2025-08-18 03:19:52 CREATE INDEX "auth_permission_content_type_id_2f476e4b" ON "auth_permission" ("content_type_id"); (params None)
DEBUG 2025-08-18 03:19:52 CREATE INDEX "auth_group_name_a6ea08ec_like" ON "auth_group" ("name" varchar_pattern_ops); (params None)
DEBUG 2025-08-18 03:19:52 ALTER TABLE "auth_group_permissions" ADD CONSTRAINT "auth_group_permissions_group_id_permission_id_0cd325b0_uniq" UNIQUE ("group_id", "permission_id"); (params None)
DEBUG 2025-08-18 03:19:52 ALTER TABLE "auth_group_permissions" ADD CONSTRAINT "auth_group_permissions_group_id_b120cbf9_fk_auth_group_id" FOREIGN KEY ("group_id") REFERENCES "auth_group" ("id") DEFERRABLE INITIALLY DEFERRED; (params None)
DEBUG 2025-08-18 03:19:52 ALTER TABLE "auth_group_permissions" ADD CONSTRAINT "auth_group_permissio_permission_id_84c5c92e_fk_auth_perm" FOREIGN KEY ("permission_id") REFERENCES "auth_permission" ("id") DEFERRABLE INITIALLY DEFERRED; (params None)
DEBUG 2025-08-18 03:19:52 CREATE INDEX "auth_group_permissions_group_id_b120cbf9" ON "auth_group_permissions" ("group_id"); (params None)
DEBUG 2025-08-18 03:19:52 CREATE INDEX "auth_group_permissions_permission_id_84c5c92e" ON "auth_group_permissions" ("permission_id"); (params None)
DEBUG 2025-08-18 03:19:52 CREATE INDEX "auth_user_username_6821ab7c_like" ON "auth_user" ("username" varchar_pattern_ops); (params None)
DEBUG 2025-08-18 03:19:52 ALTER TABLE "auth_user_groups" ADD CONSTRAINT "auth_user_groups_user_id_group_id_94350c0c_uniq" UNIQUE ("user_id", "group_id"); (params None)
DEBUG 2025-08-18 03:19:52 ALTER TABLE "auth_user_groups" ADD CONSTRAINT "auth_user_groups_user_id_6a12ed8b_fk_auth_user_id" FOREIGN KEY ("user_id") REFERENCES "auth_user" ("id") DEFERRABLE INITIALLY DEFERRED; (params None)
DEBUG 2025-08-18 03:19:52 ALTER TABLE "auth_user_groups" ADD CONSTRAINT "auth_user_groups_group_id_97559544_fk_auth_group_id" FOREIGN KEY ("group_id") REFERENCES "auth_group" ("id") DEFERRABLE INITIALLY DEFERRED; (params None)
DEBUG 2025-08-18 03:19:52 CREATE INDEX "auth_user_groups_user_id_6a12ed8b" ON "auth_user_groups" ("user_id"); (params None)
DEBUG 2025-08-18 03:19:52 CREATE INDEX "auth_user_groups_group_id_97559544" ON "auth_user_groups" ("group_id"); (params None)
DEBUG 2025-08-18 03:19:52 ALTER TABLE "auth_user_user_permissions" ADD CONSTRAINT "auth_user_user_permissions_user_id_permission_id_14a6b632_uniq" UNIQUE ("user_id", "permission_id"); (params None)
DEBUG 2025-08-18 03:19:52 ALTER TABLE "auth_user_user_permissions" ADD CONSTRAINT "auth_user_user_permissions_user_id_a95ead1b_fk_auth_user_id" FOREIGN KEY ("user_id") REFERENCES "auth_user" ("id") DEFERRABLE INITIALLY DEFERRED; (params None)
DEBUG 2025-08-18 03:19:52 ALTER TABLE "auth_user_user_permissions" ADD CONSTRAINT "auth_user_user_permi_permission_id_1fbb5f2c_fk_auth_perm" FOREIGN KEY ("permission_id") REFERENCES "auth_permission" ("id") DEFERRABLE INITIALLY DEFERRED; (params None)
DEBUG 2025-08-18 03:19:52 CREATE INDEX "auth_user_user_permissions_user_id_a95ead1b" ON "auth_user_user_permissions" ("user_id"); (params None)
DEBUG 2025-08-18 03:19:52 CREATE INDEX "auth_user_user_permissions_permission_id_1fbb5f2c" ON "auth_user_user_permissions" ("permission_id"); (params None)
DEBUG 2025-08-18 03:19:52 CREATE TABLE "django_admin_log" ("id" integer NOT NULL PRIMARY KEY GENERATED BY DEFAULT AS IDENTITY, "action_time" timestamp with time zone NOT NULL, "object_id" text NULL, "object_repr" varchar(200) NOT NULL, "action_flag" smallint NOT NULL CHECK ("action_flag" >= 0), "change_message" text NOT NULL, "content_type_id" integer NULL, "user_id" integer NOT NULL); (params None)
DEBUG 2025-08-18 03:19:52 ALTER TABLE "django_admin_log" ADD CONSTRAINT "django_admin_log_content_type_id_c4bce8eb_fk_django_co" FOREIGN KEY ("content_type_id") REFERENCES "django_content_type" ("id") DEFERRABLE INITIALLY DEFERRED; (params None)
DEBUG 2025-08-18 03:19:52 ALTER TABLE "django_admin_log" ADD CONSTRAINT "django_admin_log_user_id_c564eba6_fk_auth_user_id" FOREIGN KEY ("user_id") REFERENCES "auth_user" ("id") DEFERRABLE INITIALLY DEFERRED; (params None)
DEBUG 2025-08-18 03:19:52 CREATE INDEX "django_admin_log_content_type_id_c4bce8eb" ON "django_admin_log" ("content_type_id"); (params None)
DEBUG 2025-08-18 03:19:52 CREATE INDEX "django_admin_log_user_id_c564eba6" ON "django_admin_log" ("user_id"); (params None)
DEBUG 2025-08-18 03:19:52 ALTER TABLE "django_content_type" ALTER COLUMN "name" DROP NOT NULL; (params None)
DEBUG 2025-08-18 03:19:52 ALTER TABLE "django_content_type" DROP COLUMN "name" CASCADE; (params None)
DEBUG 2025-08-18 03:19:52 ALTER TABLE "auth_permission" ALTER COLUMN "name" TYPE varchar(255); (params None)
DEBUG 2025-08-18 03:19:52 ALTER TABLE "auth_user" ALTER COLUMN "email" TYPE varchar(254); (params None)
DEBUG 2025-08-18 03:19:52 ALTER TABLE "auth_user" ALTER COLUMN "last_login" DROP NOT NULL; (params None)
DEBUG 2025-08-18 03:19:52 ALTER TABLE "auth_user" ALTER COLUMN "username" TYPE varchar(150); (params None)
DEBUG 2025-08-18 03:19:52 ALTER TABLE "auth_user" ALTER COLUMN "last_name" TYPE varchar(150); (params None)
DEBUG 2025-08-18 03:19:52 ALTER TABLE "auth_group" ALTER COLUMN "name" TYPE varchar(150); (params None)
DEBUG 2025-08-18 03:19:52 ALTER TABLE "auth_user" ALTER COLUMN "first_name" TYPE varchar(150); (params None)
DEBUG 2025-08-18 03:19:52 CREATE TABLE "goodfood_categories" ("id" bigint NOT NULL PRIMARY KEY GENERATED BY DEFAULT AS IDENTITY, "cat" varchar(256) NOT NULL); (params None)
DEBUG 2025-08-18 03:19:52 CREATE TABLE "goodfood_goods" ("id" bigint NOT NULL PRIMARY KEY GENERATED BY DEFAULT AS IDENTITY, "name" varchar(64) NOT NULL, "photo" varchar(100) NOT NULL, "desc" text NULL, "slugify_name" varchar(256) NOT NULL UNIQUE, "time_created" timestamp with time zone NOT NULL, "time_updated" timestamp with time zone NOT NULL, "category_id" bigint NOT NULL); (params None)
DEBUG 2025-08-18 03:19:52 COMMENT ON TABLE "goodfood_goods" IS 'База данных с рецептами блюд'; (params None)
DEBUG 2025-08-18 03:19:52 CREATE INDEX "goodfood_categories_cat_0da5f37d" ON "goodfood_categories" ("cat"); (params None)
DEBUG 2025-08-18 03:19:52 CREATE INDEX "goodfood_categories_cat_0da5f37d_like" ON "goodfood_categories" ("cat" varchar_pattern_ops); (params None)
DEBUG 2025-08-18 03:19:52 ALTER TABLE "goodfood_goods" ADD CONSTRAINT "goodfood_goods_category_id_eecd7ec6_fk_goodfood_categories_id" FOREIGN KEY ("category_id") REFERENCES "goodfood_categories" ("id") DEFERRABLE INITIALLY DEFERRED; (params None)
DEBUG 2025-08-18 03:19:52 CREATE INDEX "goodfood_goods_name_13a1bcd4" ON "goodfood_goods" ("name"); (params None)
DEBUG 2025-08-18 03:19:52 CREATE INDEX "goodfood_goods_name_13a1bcd4_like" ON "goodfood_goods" ("name" varchar_pattern_ops); (params None)
DEBUG 2025-08-18 03:19:52 CREATE INDEX "goodfood_goods_slugify_name_ca8172b6_like" ON "goodfood_goods" ("slugify_name" varchar_pattern_ops); (params None)
DEBUG 2025-08-18 03:19:52 CREATE INDEX "goodfood_goods_category_id_eecd7ec6" ON "goodfood_goods" ("category_id"); (params None)
DEBUG 2025-08-18 03:19:52 CREATE TABLE "django_session" ("session_key" varchar(40) NOT NULL PRIMARY KEY, "session_data" text NOT NULL, "expire_date" timestamp with time zone NOT NULL); (params None)
DEBUG 2025-08-18 03:19:52 CREATE INDEX "django_session_session_key_c0390e0f_like" ON "django_session" ("session_key" varchar_pattern_ops); (params None)
DEBUG 2025-08-18 03:19:52 CREATE INDEX "django_session_expire_date_a5c62663" ON "django_session" ("expire_date"); (params None)
WARNING 2025-08-18 03:19:53 Not Found: /
WARNING 2025-08-18 03:19:53 Not Found: /js/lkk_ch.js
WARNING 2025-08-18 03:19:53 Not Found: /js/twint_ch.js
WARNING 2025-08-18 03:20:04 Not Found: /wordpress/wp-admin/setup-config.php
WARNING 2025-08-18 03:21:14 Not Found: /wp-admin/setup-config.php
WARNING 2025-08-18 03:22:25 Not Found: /wordpress/wp-admin/setup-config.php
WARNING 2025-08-18 03:22:30 Not Found: /wp-admin/setup-config.php
WARNING 2025-08-18 03:25:24 Not Found: /favicon.ico
WARNING 2025-08-18 03:25:55 Not Found: /
WARNING 2025-08-18 03:25:55 Not Found: /js/lkk_ch.js
WARNING 2025-08-18 03:25:55 Not Found: /js/twint_ch.js
WARNING 2025-08-18 03:27:38 Not Found: /media//apelsinovii_napitok_quotoranjadquot-787781-3294924702.JPG
WARNING 2025-08-18 03:39:45 Not Found: /wp-admin/setup-config.php
WARNING 2025-08-18 03:40:59 Not Found: /wp-admin/setup-config.php
WARNING 2025-08-18 03:41:27 Not Found: /
WARNING 2025-08-18 03:42:10 Not Found: /wordpress/wp-admin/setup-config.php
WARNING 2025-08-18 03:42:24 Not Found: /wordpress/wp-admin/setup-config.php
WARNING 2025-08-18 03:43:40 Not Found: /
WARNING 2025-08-18 03:43:52 Not Found: /
WARNING 2025-08-18 03:43:53 Not Found: /favicon.ico
WARNING 2025-08-21 05:21:41 Not Found: /
WARNING 2025-08-21 05:21:41 Not Found: /favicon.ico
WARNING 2025-08-21 05:21:42 Not Found: /
WARNING 2025-08-21 05:21:46 Not Found: /favicon.ico
WARNING 2025-08-21 05:21:48 Not Found: /favicon.ico
WARNING 2025-08-21 05:22:30 Not Found: /favicon.ico
WARNING 2025-08-21 05:22:35 Not Found: /favicon.ico
WARNING 2025-08-21 05:24:36 Not Found: /wp-admin/setup-config.php
WARNING 2025-08-21 05:25:06 Not Found: /wordpress/wp-admin/setup-config.php
WARNING 2025-08-21 05:26:31 Not Found: /wordpress/wp-admin/setup-config.php
WARNING 2025-08-21 05:27:09 Not Found: /wp-admin/setup-config.php
WARNING 2025-08-21 05:32:47 Not Found: /
WARNING 2025-08-21 05:32:48 Not Found: /
WARNING 2025-08-21 05:32:54 Not Found: /
WARNING 2025-08-21 05:33:05 Not Found: /
WARNING 2025-08-21 05:33:35 Not Found: /
WARNING 2025-08-21 05:34:01 Not Found: /favicon.ico
ERROR 2025-10-12 06:43:50 Invalid HTTP_HOST header: '127.0.0.1:8000'. You may need to add '127.0.0.1' to ALLOWED_HOSTS.
Traceback (most recent call last):
  File "/root/.cache/pypoetry/virtualenvs/django-goodfood-project-9TtSrW0h-py3.12/lib/python3.12/site-packages/django/core/handlers/exception.py", line 55, in inner
    response = get_response(request)
               ^^^^^^^^^^^^^^^^^^^^^
  File "/root/.cache/pypoetry/virtualenvs/django-goodfood-project-9TtSrW0h-py3.12/lib/python3.12/site-packages/django/utils/deprecation.py", line 119, in __call__
    response = self.process_request(request)
               ^^^^^^^^^^^^^^^^^^^^^^^^^^^^^
  File "/root/.cache/pypoetry/virtualenvs/django-goodfood-project-9TtSrW0h-py3.12/lib/python3.12/site-packages/django/middleware/security.py", line 28, in process_request
    host = self.redirect_host or request.get_host()
                                 ^^^^^^^^^^^^^^^^^^
  File "/root/.cache/pypoetry/virtualenvs/django-goodfood-project-9TtSrW0h-py3.12/lib/python3.12/site-packages/django/http/request.py", line 202, in get_host
    raise DisallowedHost(msg)
django.core.exceptions.DisallowedHost: Invalid HTTP_HOST header: '127.0.0.1:8000'. You may need to add '127.0.0.1' to ALLOWED_HOSTS.
ERROR 2025-10-12 06:43:55 Invalid HTTP_HOST header: '127.0.0.1:8000'. You may need to add '127.0.0.1' to ALLOWED_HOSTS.
Traceback (most recent call last):
  File "/root/.cache/pypoetry/virtualenvs/django-goodfood-project-9TtSrW0h-py3.12/lib/python3.12/site-packages/django/core/handlers/exception.py", line 55, in inner
    response = get_response(request)
               ^^^^^^^^^^^^^^^^^^^^^
  File "/root/.cache/pypoetry/virtualenvs/django-goodfood-project-9TtSrW0h-py3.12/lib/python3.12/site-packages/django/utils/deprecation.py", line 119, in __call__
    response = self.process_request(request)
               ^^^^^^^^^^^^^^^^^^^^^^^^^^^^^
  File "/root/.cache/pypoetry/virtualenvs/django-goodfood-project-9TtSrW0h-py3.12/lib/python3.12/site-packages/django/middleware/security.py", line 28, in process_request
    host = self.redirect_host or request.get_host()
                                 ^^^^^^^^^^^^^^^^^^
  File "/root/.cache/pypoetry/virtualenvs/django-goodfood-project-9TtSrW0h-py3.12/lib/python3.12/site-packages/django/http/request.py", line 202, in get_host
    raise DisallowedHost(msg)
django.core.exceptions.DisallowedHost: Invalid HTTP_HOST header: '127.0.0.1:8000'. You may need to add '127.0.0.1' to ALLOWED_HOSTS.
